14:22:18 **** Incremental Build of configuration Debug for project practice5 ****
make -j8 all 
arm-none-eabi-gcc "../Drivers/API/Src/API_uart.c" -mcpu=cortex-m4 -std=gnu11 -g3 -DDEBUG -DSTM32 -DSTM32F429ZITx -DSTM32F4 -DNUCLEO_F429ZI -DUSE_HAL_DRIVER -DSTM32F429xx -c -I../Inc -I"/home/operador/STM32CubeIDE/PDM_LSE/practice5/Drivers/STM32F4xx_HAL_Driver/Inc" -I"/home/operador/STM32CubeIDE/PDM_LSE/practice5/Drivers/CMSIS/Include" -I"/home/operador/STM32CubeIDE/PDM_LSE/practice5/Drivers/CMSIS/Device/ST/STM32F4xx/Include" -I"/home/operador/STM32CubeIDE/PDM_LSE/practice5/Drivers/BSP/STM32F4xx_Nucleo_144" -I"/home/operador/STM32CubeIDE/PDM_LSE/practice5/Drivers/Core/Inc" -I"/home/operador/STM32CubeIDE/PDM_LSE/practice5/Drivers/API/Inc" -O0 -ffunction-sections -fdata-sections -Wall -fstack-usage -fcyclomatic-complexity -MMD -MP -MF"Drivers/API/Src/API_uart.d" -MT"Drivers/API/Src/API_uart.o" --specs=nano.specs -mfpu=fpv4-sp-d16 -mfloat-abi=hard -mthumb -o "Drivers/API/Src/API_uart.o"
arm-none-eabi-gcc -o "practice5.elf" @"objects.list"   -mcpu=cortex-m4 -T"/home/operador/STM32CubeIDE/PDM_LSE/practice5/STM32F429ZITX_FLASH.ld" --specs=nosys.specs -Wl,-Map="practice5.map" -Wl,--gc-sections -static --specs=nano.specs -mfpu=fpv4-sp-d16 -mfloat-abi=hard -mthumb -Wl,--start-group -lc -lm -Wl,--end-group
Finished building target: practice5.elf
 
arm-none-eabi-size  practice5.elf 
arm-none-eabi-objdump -h -S practice5.elf  > "practice5.list"
   text	   data	    bss	    dec	    hex	filename
  10448	     36	   1652	  12136	   2f68	practice5.elf
Finished building: default.size.stdout
 
Finished building: practice5.list
 
14:22:46 **** Incremental Build of configuration Debug for project practice5 ****
make -j8 all 
arm-none-eabi-gcc "../Drivers/API/Src/API_uart.c" -mcpu=cortex-m4 -std=gnu11 -g3 -DDEBUG -DSTM32 -DSTM32F429ZITx -DSTM32F4 -DNUCLEO_F429ZI -DUSE_HAL_DRIVER -DSTM32F429xx -c -I../Inc -I"/home/operador/STM32CubeIDE/PDM_LSE/practice5/Drivers/STM32F4xx_HAL_Driver/Inc" -I"/home/operador/STM32CubeIDE/PDM_LSE/practice5/Drivers/CMSIS/Include" -I"/home/operador/STM32CubeIDE/PDM_LSE/practice5/Drivers/CMSIS/Device/ST/STM32F4xx/Include" -I"/home/operador/STM32CubeIDE/PDM_LSE/practice5/Drivers/BSP/STM32F4xx_Nucleo_144" -I"/home/operador/STM32CubeIDE/PDM_LSE/practice5/Drivers/Core/Inc" -I"/home/operador/STM32CubeIDE/PDM_LSE/practice5/Drivers/API/Inc" -O0 -ffunction-sections -fdata-sections -Wall -fstack-usage -fcyclomatic-complexity -MMD -MP -MF"Drivers/API/Src/API_uart.d" -MT"Drivers/API/Src/API_uart.o" --specs=nano.specs -mfpu=fpv4-sp-d16 -mfloat-abi=hard -mthumb -o "Drivers/API/Src/API_uart.o"
arm-none-eabi-gcc -o "practice5.elf" @"objects.list"   -mcpu=cortex-m4 -T"/home/operador/STM32CubeIDE/PDM_LSE/practice5/STM32F429ZITX_FLASH.ld" --specs=nosys.specs -Wl,-Map="practice5.map" -Wl,--gc-sections -static --specs=nano.specs -mfpu=fpv4-sp-d16 -mfloat-abi=hard -mthumb -Wl,--start-group -lc -lm -Wl,--end-group
Finished building target: practice5.elf
 
arm-none-eabi-size  practice5.elf 
arm-none-eabi-objdump -h -S practice5.elf  > "practice5.list"
   text	   data	    bss	    dec	    hex	filename
  10460	     36	   1652	  12148	   2f74	practice5.elf
Finished building: default.size.stdout
 
Finished building: practice5.list
 
14:24:05 **** Incremental Build of configuration Debug for project practice5 ****
make -j8 all 
arm-none-eabi-gcc "../Drivers/API/Src/API_uart.c" -mcpu=cortex-m4 -std=gnu11 -g3 -DDEBUG -DSTM32 -DSTM32F429ZITx -DSTM32F4 -DNUCLEO_F429ZI -DUSE_HAL_DRIVER -DSTM32F429xx -c -I../Inc -I"/home/operador/STM32CubeIDE/PDM_LSE/practice5/Drivers/STM32F4xx_HAL_Driver/Inc" -I"/home/operador/STM32CubeIDE/PDM_LSE/practice5/Drivers/CMSIS/Include" -I"/home/operador/STM32CubeIDE/PDM_LSE/practice5/Drivers/CMSIS/Device/ST/STM32F4xx/Include" -I"/home/operador/STM32CubeIDE/PDM_LSE/practice5/Drivers/BSP/STM32F4xx_Nucleo_144" -I"/home/operador/STM32CubeIDE/PDM_LSE/practice5/Drivers/Core/Inc" -I"/home/operador/STM32CubeIDE/PDM_LSE/practice5/Drivers/API/Inc" -O0 -ffunction-sections -fdata-sections -Wall -fstack-usage -fcyclomatic-complexity -MMD -MP -MF"Drivers/API/Src/API_uart.d" -MT"Drivers/API/Src/API_uart.o" --specs=nano.specs -mfpu=fpv4-sp-d16 -mfloat-abi=hard -mthumb -o "Drivers/API/Src/API_uart.o"
arm-none-eabi-gcc -o "practice5.elf" @"objects.list"   -mcpu=cortex-m4 -T"/home/operador/STM32CubeIDE/PDM_LSE/practice5/STM32F429ZITX_FLASH.ld" --specs=nosys.specs -Wl,-Map="practice5.map" -Wl,--gc-sections -static --specs=nano.specs -mfpu=fpv4-sp-d16 -mfloat-abi=hard -mthumb -Wl,--start-group -lc -lm -Wl,--end-group
Finished building target: practice5.elf
 
arm-none-eabi-size  practice5.elf 
arm-none-eabi-objdump -h -S practice5.elf  > "practice5.list"
   text	   data	    bss	    dec	    hex	filename
  10492	     36	   1652	  12180	   2f94	practice5.elf
Finished building: default.size.stdout
 
Finished building: practice5.list
 
14:25:08 **** Incremental Build of configuration Debug for project practice5 ****
make -j8 all 
arm-none-eabi-gcc "../Drivers/API/Src/API_uart.c" -mcpu=cortex-m4 -std=gnu11 -g3 -DDEBUG -DSTM32 -DSTM32F429ZITx -DSTM32F4 -DNUCLEO_F429ZI -DUSE_HAL_DRIVER -DSTM32F429xx -c -I../Inc -I"/home/operador/STM32CubeIDE/PDM_LSE/practice5/Drivers/STM32F4xx_HAL_Driver/Inc" -I"/home/operador/STM32CubeIDE/PDM_LSE/practice5/Drivers/CMSIS/Include" -I"/home/operador/STM32CubeIDE/PDM_LSE/practice5/Drivers/CMSIS/Device/ST/STM32F4xx/Include" -I"/home/operador/STM32CubeIDE/PDM_LSE/practice5/Drivers/BSP/STM32F4xx_Nucleo_144" -I"/home/operador/STM32CubeIDE/PDM_LSE/practice5/Drivers/Core/Inc" -I"/home/operador/STM32CubeIDE/PDM_LSE/practice5/Drivers/API/Inc" -O0 -ffunction-sections -fdata-sections -Wall -fstack-usage -fcyclomatic-complexity -MMD -MP -MF"Drivers/API/Src/API_uart.d" -MT"Drivers/API/Src/API_uart.o" --specs=nano.specs -mfpu=fpv4-sp-d16 -mfloat-abi=hard -mthumb -o "Drivers/API/Src/API_uart.o"
arm-none-eabi-gcc -o "practice5.elf" @"objects.list"   -mcpu=cortex-m4 -T"/home/operador/STM32CubeIDE/PDM_LSE/practice5/STM32F429ZITX_FLASH.ld" --specs=nosys.specs -Wl,-Map="practice5.map" -Wl,--gc-sections -static --specs=nano.specs -mfpu=fpv4-sp-d16 -mfloat-abi=hard -mthumb -Wl,--start-group -lc -lm -Wl,--end-group
Finished building target: practice5.elf
 
arm-none-eabi-size  practice5.elf 
arm-none-eabi-objdump -h -S practice5.elf  > "practice5.list"
   text	   data	    bss	    dec	    hex	filename
  10500	     36	   1652	  12188	   2f9c	practice5.elf
Finished building: default.size.stdout
 
Finished building: practice5.list
 
14:49:01 **** Incremental Build of configuration Debug for project practice5 ****
make -j8 all 
arm-none-eabi-gcc "../Drivers/API/Src/API_uart.c" -mcpu=cortex-m4 -std=gnu11 -g3 -DDEBUG -DSTM32 -DSTM32F429ZITx -DSTM32F4 -DNUCLEO_F429ZI -DUSE_HAL_DRIVER -DSTM32F429xx -c -I../Inc -I"/home/operador/STM32CubeIDE/PDM_LSE/practice5/Drivers/STM32F4xx_HAL_Driver/Inc" -I"/home/operador/STM32CubeIDE/PDM_LSE/practice5/Drivers/CMSIS/Include" -I"/home/operador/STM32CubeIDE/PDM_LSE/practice5/Drivers/CMSIS/Device/ST/STM32F4xx/Include" -I"/home/operador/STM32CubeIDE/PDM_LSE/practice5/Drivers/BSP/STM32F4xx_Nucleo_144" -I"/home/operador/STM32CubeIDE/PDM_LSE/practice5/Drivers/Core/Inc" -I"/home/operador/STM32CubeIDE/PDM_LSE/practice5/Drivers/API/Inc" -O0 -ffunction-sections -fdata-sections -Wall -fstack-usage -fcyclomatic-complexity -MMD -MP -MF"Drivers/API/Src/API_uart.d" -MT"Drivers/API/Src/API_uart.o" --specs=nano.specs -mfpu=fpv4-sp-d16 -mfloat-abi=hard -mthumb -o "Drivers/API/Src/API_uart.o"
../Drivers/API/Src/API_uart.c: In function 'getUartInstance':
../Drivers/API/Src/API_uart.c:42:27: error: invalid initializer
   42 |         uint8_t* data[] = "_unknown";
      |                           ^~~~~~~~~~
../Drivers/API/Src/API_uart.c:44:13: error: 'buff' undeclared (first use in this function)
   44 |         if (buff != NULL) {
      |             ^~~~
../Drivers/API/Src/API_uart.c:44:13: note: each undeclared identifier is reported only once for each function it appears in
../Drivers/API/Src/API_uart.c:46:69: warning: assignment to 'uint8_t *' {aka 'unsigned char *'} from 'int' makes pointer from integer without a cast [-Wint-conversion]
   46 |                 if              (huart3.Instance == USART1) data[0] = '1';
      |                                                                     ^
../Drivers/API/Src/API_uart.c:47:61: warning: assignment to 'uint8_t *' {aka 'unsigned char *'} from 'int' makes pointer from integer without a cast [-Wint-conversion]
   47 |                 else if (huart3.Instance == USART2) data[0] = '2';
      |                                                             ^
../Drivers/API/Src/API_uart.c:48:61: warning: assignment to 'uint8_t *' {aka 'unsigned char *'} from 'int' makes pointer from integer without a cast [-Wint-conversion]
   48 |                 else if (huart3.Instance == USART3) data[0] = '3';
      |                                                             ^
../Drivers/API/Src/API_uart.c:55:16: warning: returning 'uint8_t **' {aka 'unsigned char **'} from a function with incompatible return type 'uint8_t *' {aka 'unsigned char *'} [-Wincompatible-pointer-types]
   55 |         return data;
      |                ^~~~
../Drivers/API/Src/API_uart.c:55:16: warning: function returns address of local variable [-Wreturn-local-addr]
At top level:
../Drivers/API/Src/API_uart.c:28:13: warning: 'getWordLen' defined but not used [-Wunused-function]
   28 | static void getWordLen (uint8_t* buff) {
      |             ^~~~~~~~~~
../Drivers/API/Src/API_uart.c:25:22: warning: 'CLEAN_CHARACTER' defined but not used [-Wunused-const-variable=]
   25 | static const uint8_t CLEAN_CHARACTER = '\0';
      |                      ^~~~~~~~~~~~~~~
make: *** [Drivers/API/Src/subdir.mk:25: Drivers/API/Src/API_uart.o] Error 1
"make -j8 all" terminated with exit code 2. Build might be incomplete.
14:49:45 **** Incremental Build of configuration Debug for project practice5 ****
make -j8 all 
arm-none-eabi-gcc "../Drivers/API/Src/API_uart.c" -mcpu=cortex-m4 -std=gnu11 -g3 -DDEBUG -DSTM32 -DSTM32F429ZITx -DSTM32F4 -DNUCLEO_F429ZI -DUSE_HAL_DRIVER -DSTM32F429xx -c -I../Inc -I"/home/operador/STM32CubeIDE/PDM_LSE/practice5/Drivers/STM32F4xx_HAL_Driver/Inc" -I"/home/operador/STM32CubeIDE/PDM_LSE/practice5/Drivers/CMSIS/Include" -I"/home/operador/STM32CubeIDE/PDM_LSE/practice5/Drivers/CMSIS/Device/ST/STM32F4xx/Include" -I"/home/operador/STM32CubeIDE/PDM_LSE/practice5/Drivers/BSP/STM32F4xx_Nucleo_144" -I"/home/operador/STM32CubeIDE/PDM_LSE/practice5/Drivers/Core/Inc" -I"/home/operador/STM32CubeIDE/PDM_LSE/practice5/Drivers/API/Inc" -O0 -ffunction-sections -fdata-sections -Wall -fstack-usage -fcyclomatic-complexity -MMD -MP -MF"Drivers/API/Src/API_uart.d" -MT"Drivers/API/Src/API_uart.o" --specs=nano.specs -mfpu=fpv4-sp-d16 -mfloat-abi=hard -mthumb -o "Drivers/API/Src/API_uart.o"
../Drivers/API/Src/API_uart.c: In function 'getUartInstance':
../Drivers/API/Src/API_uart.c:42:27: error: invalid initializer
   42 |         uint8_t* data[] = "_unknown";
      |                           ^~~~~~~~~~
../Drivers/API/Src/API_uart.c:44:61: warning: assignment to 'uint8_t *' {aka 'unsigned char *'} from 'int' makes pointer from integer without a cast [-Wint-conversion]
   44 |         if              (huart3.Instance == USART1) data[0] = '1';
      |                                                             ^
../Drivers/API/Src/API_uart.c:45:53: warning: assignment to 'uint8_t *' {aka 'unsigned char *'} from 'int' makes pointer from integer without a cast [-Wint-conversion]
   45 |         else if (huart3.Instance == USART2) data[0] = '2';
      |                                                     ^
../Drivers/API/Src/API_uart.c:46:53: warning: assignment to 'uint8_t *' {aka 'unsigned char *'} from 'int' makes pointer from integer without a cast [-Wint-conversion]
   46 |         else if (huart3.Instance == USART3) data[0] = '3';
      |                                                     ^
../Drivers/API/Src/API_uart.c:52:16: warning: returning 'uint8_t **' {aka 'unsigned char **'} from a function with incompatible return type 'uint8_t *' {aka 'unsigned char *'} [-Wincompatible-pointer-types]
   52 |         return data;
      |                ^~~~
../Drivers/API/Src/API_uart.c:52:16: warning: function returns address of local variable [-Wreturn-local-addr]
At top level:
../Drivers/API/Src/API_uart.c:28:13: warning: 'getWordLen' defined but not used [-Wunused-function]
   28 | static void getWordLen (uint8_t* buff) {
      |             ^~~~~~~~~~
../Drivers/API/Src/API_uart.c:25:22: warning: 'CLEAN_CHARACTER' defined but not used [-Wunused-const-variable=]
   25 | static const uint8_t CLEAN_CHARACTER = '\0';
      |                      ^~~~~~~~~~~~~~~
make: *** [Drivers/API/Src/subdir.mk:25: Drivers/API/Src/API_uart.o] Error 1
"make -j8 all" terminated with exit code 2. Build might be incomplete.
14:52:05 **** Incremental Build of configuration Debug for project practice5 ****
make -j8 all 
arm-none-eabi-gcc "../Drivers/API/Src/API_uart.c" -mcpu=cortex-m4 -std=gnu11 -g3 -DDEBUG -DSTM32 -DSTM32F429ZITx -DSTM32F4 -DNUCLEO_F429ZI -DUSE_HAL_DRIVER -DSTM32F429xx -c -I../Inc -I"/home/operador/STM32CubeIDE/PDM_LSE/practice5/Drivers/STM32F4xx_HAL_Driver/Inc" -I"/home/operador/STM32CubeIDE/PDM_LSE/practice5/Drivers/CMSIS/Include" -I"/home/operador/STM32CubeIDE/PDM_LSE/practice5/Drivers/CMSIS/Device/ST/STM32F4xx/Include" -I"/home/operador/STM32CubeIDE/PDM_LSE/practice5/Drivers/BSP/STM32F4xx_Nucleo_144" -I"/home/operador/STM32CubeIDE/PDM_LSE/practice5/Drivers/Core/Inc" -I"/home/operador/STM32CubeIDE/PDM_LSE/practice5/Drivers/API/Inc" -O0 -ffunction-sections -fdata-sections -Wall -fstack-usage -fcyclomatic-complexity -MMD -MP -MF"Drivers/API/Src/API_uart.d" -MT"Drivers/API/Src/API_uart.o" --specs=nano.specs -mfpu=fpv4-sp-d16 -mfloat-abi=hard -mthumb -o "Drivers/API/Src/API_uart.o"
../Drivers/API/Src/API_uart.c:27:13: warning: 'getWordLen' defined but not used [-Wunused-function]
   27 | static void getWordLen (uint8_t* buff) {
      |             ^~~~~~~~~~
arm-none-eabi-gcc -o "practice5.elf" @"objects.list"   -mcpu=cortex-m4 -T"/home/operador/STM32CubeIDE/PDM_LSE/practice5/STM32F429ZITX_FLASH.ld" --specs=nosys.specs -Wl,-Map="practice5.map" -Wl,--gc-sections -static --specs=nano.specs -mfpu=fpv4-sp-d16 -mfloat-abi=hard -mthumb -Wl,--start-group -lc -lm -Wl,--end-group
Finished building target: practice5.elf
 
arm-none-eabi-size  practice5.elf 
arm-none-eabi-objdump -h -S practice5.elf  > "practice5.list"
   text	   data	    bss	    dec	    hex	filename
  10536	     36	   1652	  12224	   2fc0	practice5.elf
Finished building: default.size.stdout
 
Finished building: practice5.list
 
14:58:39 **** Incremental Build of configuration Debug for project practice5 ****
make -j8 all 
arm-none-eabi-gcc "../Drivers/API/Src/API_uart.c" -mcpu=cortex-m4 -std=gnu11 -g3 -DDEBUG -DSTM32 -DSTM32F429ZITx -DSTM32F4 -DNUCLEO_F429ZI -DUSE_HAL_DRIVER -DSTM32F429xx -c -I../Inc -I"/home/operador/STM32CubeIDE/PDM_LSE/practice5/Drivers/STM32F4xx_HAL_Driver/Inc" -I"/home/operador/STM32CubeIDE/PDM_LSE/practice5/Drivers/CMSIS/Include" -I"/home/operador/STM32CubeIDE/PDM_LSE/practice5/Drivers/CMSIS/Device/ST/STM32F4xx/Include" -I"/home/operador/STM32CubeIDE/PDM_LSE/practice5/Drivers/BSP/STM32F4xx_Nucleo_144" -I"/home/operador/STM32CubeIDE/PDM_LSE/practice5/Drivers/Core/Inc" -I"/home/operador/STM32CubeIDE/PDM_LSE/practice5/Drivers/API/Inc" -O0 -ffunction-sections -fdata-sections -Wall -fstack-usage -fcyclomatic-complexity -MMD -MP -MF"Drivers/API/Src/API_uart.d" -MT"Drivers/API/Src/API_uart.o" --specs=nano.specs -mfpu=fpv4-sp-d16 -mfloat-abi=hard -mthumb -o "Drivers/API/Src/API_uart.o"
arm-none-eabi-gcc -o "practice5.elf" @"objects.list"   -mcpu=cortex-m4 -T"/home/operador/STM32CubeIDE/PDM_LSE/practice5/STM32F429ZITX_FLASH.ld" --specs=nosys.specs -Wl,-Map="practice5.map" -Wl,--gc-sections -static --specs=nano.specs -mfpu=fpv4-sp-d16 -mfloat-abi=hard -mthumb -Wl,--start-group -lc -lm -Wl,--end-group
Finished building target: practice5.elf
 
arm-none-eabi-size  practice5.elf 
arm-none-eabi-objdump -h -S practice5.elf  > "practice5.list"
   text	   data	    bss	    dec	    hex	filename
  10764	     36	   1652	  12452	   30a4	practice5.elf
Finished building: default.size.stdout
 
Finished building: practice5.list
 
15:02:14 **** Incremental Build of configuration Debug for project practice5 ****
make -j8 all 
arm-none-eabi-gcc "../Drivers/API/Src/API_uart.c" -mcpu=cortex-m4 -std=gnu11 -g3 -DDEBUG -DSTM32 -DSTM32F429ZITx -DSTM32F4 -DNUCLEO_F429ZI -DUSE_HAL_DRIVER -DSTM32F429xx -c -I../Inc -I"/home/operador/STM32CubeIDE/PDM_LSE/practice5/Drivers/STM32F4xx_HAL_Driver/Inc" -I"/home/operador/STM32CubeIDE/PDM_LSE/practice5/Drivers/CMSIS/Include" -I"/home/operador/STM32CubeIDE/PDM_LSE/practice5/Drivers/CMSIS/Device/ST/STM32F4xx/Include" -I"/home/operador/STM32CubeIDE/PDM_LSE/practice5/Drivers/BSP/STM32F4xx_Nucleo_144" -I"/home/operador/STM32CubeIDE/PDM_LSE/practice5/Drivers/Core/Inc" -I"/home/operador/STM32CubeIDE/PDM_LSE/practice5/Drivers/API/Inc" -O0 -ffunction-sections -fdata-sections -Wall -fstack-usage -fcyclomatic-complexity -MMD -MP -MF"Drivers/API/Src/API_uart.d" -MT"Drivers/API/Src/API_uart.o" --specs=nano.specs -mfpu=fpv4-sp-d16 -mfloat-abi=hard -mthumb -o "Drivers/API/Src/API_uart.o"
arm-none-eabi-gcc -o "practice5.elf" @"objects.list"   -mcpu=cortex-m4 -T"/home/operador/STM32CubeIDE/PDM_LSE/practice5/STM32F429ZITX_FLASH.ld" --specs=nosys.specs -Wl,-Map="practice5.map" -Wl,--gc-sections -static --specs=nano.specs -mfpu=fpv4-sp-d16 -mfloat-abi=hard -mthumb -Wl,--start-group -lc -lm -Wl,--end-group
Finished building target: practice5.elf
 
arm-none-eabi-size  practice5.elf 
arm-none-eabi-objdump -h -S practice5.elf  > "practice5.list"
   text	   data	    bss	    dec	    hex	filename
  10796	     36	   1652	  12484	   30c4	practice5.elf
Finished building: default.size.stdout
 
Finished building: practice5.list
 
15:04:20 **** Incremental Build of configuration Debug for project practice5 ****
make -j8 all 
arm-none-eabi-size  practice5.elf 
   text	   data	    bss	    dec	    hex	filename
  10796	     36	   1652	  12484	   30c4	practice5.elf
Finished building: default.size.stdout
 
15:11:07 **** Incremental Build of configuration Debug for project practice5 ****
make -j8 all 
arm-none-eabi-gcc "../Drivers/API/Src/API_uart.c" -mcpu=cortex-m4 -std=gnu11 -g3 -DDEBUG -DSTM32 -DSTM32F429ZITx -DSTM32F4 -DNUCLEO_F429ZI -DUSE_HAL_DRIVER -DSTM32F429xx -c -I../Inc -I"/home/operador/STM32CubeIDE/PDM_LSE/practice5/Drivers/STM32F4xx_HAL_Driver/Inc" -I"/home/operador/STM32CubeIDE/PDM_LSE/practice5/Drivers/CMSIS/Include" -I"/home/operador/STM32CubeIDE/PDM_LSE/practice5/Drivers/CMSIS/Device/ST/STM32F4xx/Include" -I"/home/operador/STM32CubeIDE/PDM_LSE/practice5/Drivers/BSP/STM32F4xx_Nucleo_144" -I"/home/operador/STM32CubeIDE/PDM_LSE/practice5/Drivers/Core/Inc" -I"/home/operador/STM32CubeIDE/PDM_LSE/practice5/Drivers/API/Inc" -O0 -ffunction-sections -fdata-sections -Wall -fstack-usage -fcyclomatic-complexity -MMD -MP -MF"Drivers/API/Src/API_uart.d" -MT"Drivers/API/Src/API_uart.o" --specs=nano.specs -mfpu=fpv4-sp-d16 -mfloat-abi=hard -mthumb -o "Drivers/API/Src/API_uart.o"
arm-none-eabi-gcc -o "practice5.elf" @"objects.list"   -mcpu=cortex-m4 -T"/home/operador/STM32CubeIDE/PDM_LSE/practice5/STM32F429ZITX_FLASH.ld" --specs=nosys.specs -Wl,-Map="practice5.map" -Wl,--gc-sections -static --specs=nano.specs -mfpu=fpv4-sp-d16 -mfloat-abi=hard -mthumb -Wl,--start-group -lc -lm -Wl,--end-group
Finished building target: practice5.elf
 
arm-none-eabi-size  practice5.elf 
arm-none-eabi-objdump -h -S practice5.elf  > "practice5.list"
   text	   data	    bss	    dec	    hex	filename
  11040	     36	   1652	  12728	   31b8	practice5.elf
Finished building: default.size.stdout
 
Finished building: practice5.list
 
15:19:02 **** Incremental Build of configuration Debug for project practice5 ****
make -j8 all 
arm-none-eabi-gcc "../Drivers/API/Src/API_uart.c" -mcpu=cortex-m4 -std=gnu11 -g3 -DDEBUG -DSTM32 -DSTM32F429ZITx -DSTM32F4 -DNUCLEO_F429ZI -DUSE_HAL_DRIVER -DSTM32F429xx -c -I../Inc -I"/home/operador/STM32CubeIDE/PDM_LSE/practice5/Drivers/STM32F4xx_HAL_Driver/Inc" -I"/home/operador/STM32CubeIDE/PDM_LSE/practice5/Drivers/CMSIS/Include" -I"/home/operador/STM32CubeIDE/PDM_LSE/practice5/Drivers/CMSIS/Device/ST/STM32F4xx/Include" -I"/home/operador/STM32CubeIDE/PDM_LSE/practice5/Drivers/BSP/STM32F4xx_Nucleo_144" -I"/home/operador/STM32CubeIDE/PDM_LSE/practice5/Drivers/Core/Inc" -I"/home/operador/STM32CubeIDE/PDM_LSE/practice5/Drivers/API/Inc" -O0 -ffunction-sections -fdata-sections -Wall -fstack-usage -fcyclomatic-complexity -MMD -MP -MF"Drivers/API/Src/API_uart.d" -MT"Drivers/API/Src/API_uart.o" --specs=nano.specs -mfpu=fpv4-sp-d16 -mfloat-abi=hard -mthumb -o "Drivers/API/Src/API_uart.o"
arm-none-eabi-gcc -o "practice5.elf" @"objects.list"   -mcpu=cortex-m4 -T"/home/operador/STM32CubeIDE/PDM_LSE/practice5/STM32F429ZITX_FLASH.ld" --specs=nosys.specs -Wl,-Map="practice5.map" -Wl,--gc-sections -static --specs=nano.specs -mfpu=fpv4-sp-d16 -mfloat-abi=hard -mthumb -Wl,--start-group -lc -lm -Wl,--end-group
Finished building target: practice5.elf
 
arm-none-eabi-size  practice5.elf 
arm-none-eabi-objdump -h -S practice5.elf  > "practice5.list"
   text	   data	    bss	    dec	    hex	filename
  11316	     36	   1652	  13004	   32cc	practice5.elf
Finished building: default.size.stdout
 
Finished building: practice5.list
 
15:30:21 **** Incremental Build of configuration Debug for project practice5 ****
make -j8 all 
arm-none-eabi-gcc "../Src/main.c" -mcpu=cortex-m4 -std=gnu11 -g3 -DDEBUG -DSTM32 -DSTM32F429ZITx -DSTM32F4 -DNUCLEO_F429ZI -DUSE_HAL_DRIVER -DSTM32F429xx -c -I../Inc -I"/home/operador/STM32CubeIDE/PDM_LSE/practice5/Drivers/STM32F4xx_HAL_Driver/Inc" -I"/home/operador/STM32CubeIDE/PDM_LSE/practice5/Drivers/CMSIS/Include" -I"/home/operador/STM32CubeIDE/PDM_LSE/practice5/Drivers/CMSIS/Device/ST/STM32F4xx/Include" -I"/home/operador/STM32CubeIDE/PDM_LSE/practice5/Drivers/BSP/STM32F4xx_Nucleo_144" -I"/home/operador/STM32CubeIDE/PDM_LSE/practice5/Drivers/Core/Inc" -I"/home/operador/STM32CubeIDE/PDM_LSE/practice5/Drivers/API/Inc" -O0 -ffunction-sections -fdata-sections -Wall -fstack-usage -fcyclomatic-complexity -MMD -MP -MF"Src/main.d" -MT"Src/main.o" --specs=nano.specs -mfpu=fpv4-sp-d16 -mfloat-abi=hard -mthumb -o "Src/main.o"
arm-none-eabi-gcc "../Drivers/API/Src/API_debounce.c" -mcpu=cortex-m4 -std=gnu11 -g3 -DDEBUG -DSTM32 -DSTM32F429ZITx -DSTM32F4 -DNUCLEO_F429ZI -DUSE_HAL_DRIVER -DSTM32F429xx -c -I../Inc -I"/home/operador/STM32CubeIDE/PDM_LSE/practice5/Drivers/STM32F4xx_HAL_Driver/Inc" -I"/home/operador/STM32CubeIDE/PDM_LSE/practice5/Drivers/CMSIS/Include" -I"/home/operador/STM32CubeIDE/PDM_LSE/practice5/Drivers/CMSIS/Device/ST/STM32F4xx/Include" -I"/home/operador/STM32CubeIDE/PDM_LSE/practice5/Drivers/BSP/STM32F4xx_Nucleo_144" -I"/home/operador/STM32CubeIDE/PDM_LSE/practice5/Drivers/Core/Inc" -I"/home/operador/STM32CubeIDE/PDM_LSE/practice5/Drivers/API/Inc" -O0 -ffunction-sections -fdata-sections -Wall -fstack-usage -fcyclomatic-complexity -MMD -MP -MF"Drivers/API/Src/API_debounce.d" -MT"Drivers/API/Src/API_debounce.o" --specs=nano.specs -mfpu=fpv4-sp-d16 -mfloat-abi=hard -mthumb -o "Drivers/API/Src/API_debounce.o"
arm-none-eabi-gcc "../Drivers/API/Src/API_uart.c" -mcpu=cortex-m4 -std=gnu11 -g3 -DDEBUG -DSTM32 -DSTM32F429ZITx -DSTM32F4 -DNUCLEO_F429ZI -DUSE_HAL_DRIVER -DSTM32F429xx -c -I../Inc -I"/home/operador/STM32CubeIDE/PDM_LSE/practice5/Drivers/STM32F4xx_HAL_Driver/Inc" -I"/home/operador/STM32CubeIDE/PDM_LSE/practice5/Drivers/CMSIS/Include" -I"/home/operador/STM32CubeIDE/PDM_LSE/practice5/Drivers/CMSIS/Device/ST/STM32F4xx/Include" -I"/home/operador/STM32CubeIDE/PDM_LSE/practice5/Drivers/BSP/STM32F4xx_Nucleo_144" -I"/home/operador/STM32CubeIDE/PDM_LSE/practice5/Drivers/Core/Inc" -I"/home/operador/STM32CubeIDE/PDM_LSE/practice5/Drivers/API/Inc" -O0 -ffunction-sections -fdata-sections -Wall -fstack-usage -fcyclomatic-complexity -MMD -MP -MF"Drivers/API/Src/API_uart.d" -MT"Drivers/API/Src/API_uart.o" --specs=nano.specs -mfpu=fpv4-sp-d16 -mfloat-abi=hard -mthumb -o "Drivers/API/Src/API_uart.o"
arm-none-eabi-gcc -o "practice5.elf" @"objects.list"   -mcpu=cortex-m4 -T"/home/operador/STM32CubeIDE/PDM_LSE/practice5/STM32F429ZITX_FLASH.ld" --specs=nosys.specs -Wl,-Map="practice5.map" -Wl,--gc-sections -static --specs=nano.specs -mfpu=fpv4-sp-d16 -mfloat-abi=hard -mthumb -Wl,--start-group -lc -lm -Wl,--end-group
Finished building target: practice5.elf
 
arm-none-eabi-size  practice5.elf 
arm-none-eabi-objdump -h -S practice5.elf  > "practice5.list"
   text	   data	    bss	    dec	    hex	filename
  11316	     36	   1652	  13004	   32cc	practice5.elf
Finished building: default.size.stdout
 
Finished building: practice5.list
 
15:35:10 **** Incremental Build of configuration Debug for project practice5 ****
make -j8 all 
arm-none-eabi-gcc "../Drivers/API/Src/API_uart.c" -mcpu=cortex-m4 -std=gnu11 -g3 -DDEBUG -DSTM32 -DSTM32F429ZITx -DSTM32F4 -DNUCLEO_F429ZI -DUSE_HAL_DRIVER -DSTM32F429xx -c -I../Inc -I"/home/operador/STM32CubeIDE/PDM_LSE/practice5/Drivers/STM32F4xx_HAL_Driver/Inc" -I"/home/operador/STM32CubeIDE/PDM_LSE/practice5/Drivers/CMSIS/Include" -I"/home/operador/STM32CubeIDE/PDM_LSE/practice5/Drivers/CMSIS/Device/ST/STM32F4xx/Include" -I"/home/operador/STM32CubeIDE/PDM_LSE/practice5/Drivers/BSP/STM32F4xx_Nucleo_144" -I"/home/operador/STM32CubeIDE/PDM_LSE/practice5/Drivers/Core/Inc" -I"/home/operador/STM32CubeIDE/PDM_LSE/practice5/Drivers/API/Inc" -O0 -ffunction-sections -fdata-sections -Wall -fstack-usage -fcyclomatic-complexity -MMD -MP -MF"Drivers/API/Src/API_uart.d" -MT"Drivers/API/Src/API_uart.o" --specs=nano.specs -mfpu=fpv4-sp-d16 -mfloat-abi=hard -mthumb -o "Drivers/API/Src/API_uart.o"
arm-none-eabi-gcc -o "practice5.elf" @"objects.list"   -mcpu=cortex-m4 -T"/home/operador/STM32CubeIDE/PDM_LSE/practice5/STM32F429ZITX_FLASH.ld" --specs=nosys.specs -Wl,-Map="practice5.map" -Wl,--gc-sections -static --specs=nano.specs -mfpu=fpv4-sp-d16 -mfloat-abi=hard -mthumb -Wl,--start-group -lc -lm -Wl,--end-group
Finished building target: practice5.elf
 
arm-none-eabi-size  practice5.elf 
arm-none-eabi-objdump -h -S practice5.elf  > "practice5.list"
   text	   data	    bss	    dec	    hex	filename
  11320	     36	   1652	  13008	   32d0	practice5.elf
Finished building: default.size.stdout
 
Finished building: practice5.list
 
15:35:33 **** Incremental Build of configuration Debug for project practice5 ****
make -j8 all 
arm-none-eabi-size  practice5.elf 
   text	   data	    bss	    dec	    hex	filename
  11320	     36	   1652	  13008	   32d0	practice5.elf
Finished building: default.size.stdout
 
15:36:07 **** Incremental Build of configuration Debug for project practice5 ****
make -j8 all 
arm-none-eabi-size  practice5.elf 
   text	   data	    bss	    dec	    hex	filename
  11320	     36	   1652	  13008	   32d0	practice5.elf
Finished building: default.size.stdout
 
15:36:43 **** Incremental Build of configuration Debug for project practice5 ****
make -j8 all 
arm-none-eabi-size  practice5.elf 
   text	   data	    bss	    dec	    hex	filename
  11320	     36	   1652	  13008	   32d0	practice5.elf
Finished building: default.size.stdout
 
15:38:34 **** Incremental Build of configuration Debug for project practice5 ****
make -j8 all 
arm-none-eabi-gcc "../Drivers/API/Src/API_uart.c" -mcpu=cortex-m4 -std=gnu11 -g3 -DDEBUG -DSTM32 -DSTM32F429ZITx -DSTM32F4 -DNUCLEO_F429ZI -DUSE_HAL_DRIVER -DSTM32F429xx -c -I../Inc -I"/home/operador/STM32CubeIDE/PDM_LSE/practice5/Drivers/STM32F4xx_HAL_Driver/Inc" -I"/home/operador/STM32CubeIDE/PDM_LSE/practice5/Drivers/CMSIS/Include" -I"/home/operador/STM32CubeIDE/PDM_LSE/practice5/Drivers/CMSIS/Device/ST/STM32F4xx/Include" -I"/home/operador/STM32CubeIDE/PDM_LSE/practice5/Drivers/BSP/STM32F4xx_Nucleo_144" -I"/home/operador/STM32CubeIDE/PDM_LSE/practice5/Drivers/Core/Inc" -I"/home/operador/STM32CubeIDE/PDM_LSE/practice5/Drivers/API/Inc" -O0 -ffunction-sections -fdata-sections -Wall -fstack-usage -fcyclomatic-complexity -MMD -MP -MF"Drivers/API/Src/API_uart.d" -MT"Drivers/API/Src/API_uart.o" --specs=nano.specs -mfpu=fpv4-sp-d16 -mfloat-abi=hard -mthumb -o "Drivers/API/Src/API_uart.o"
arm-none-eabi-gcc -o "practice5.elf" @"objects.list"   -mcpu=cortex-m4 -T"/home/operador/STM32CubeIDE/PDM_LSE/practice5/STM32F429ZITX_FLASH.ld" --specs=nosys.specs -Wl,-Map="practice5.map" -Wl,--gc-sections -static --specs=nano.specs -mfpu=fpv4-sp-d16 -mfloat-abi=hard -mthumb -Wl,--start-group -lc -lm -Wl,--end-group
Finished building target: practice5.elf
 
arm-none-eabi-size  practice5.elf 
arm-none-eabi-objdump -h -S practice5.elf  > "practice5.list"
   text	   data	    bss	    dec	    hex	filename
  11332	     36	   1652	  13020	   32dc	practice5.elf
Finished building: default.size.stdout
 
Finished building: practice5.list
 
15:38:48 **** Incremental Build of configuration Debug for project practice5 ****
make -j8 all 
arm-none-eabi-size  practice5.elf 
   text	   data	    bss	    dec	    hex	filename
  11332	     36	   1652	  13020	   32dc	practice5.elf
Finished building: default.size.stdout
 
17:04:18 **** Incremental Build of configuration Debug for project practice5 ****
make -j8 all 
arm-none-eabi-gcc "../Src/main.c" -mcpu=cortex-m4 -std=gnu11 -g3 -DDEBUG -DSTM32 -DSTM32F429ZITx -DSTM32F4 -DNUCLEO_F429ZI -DUSE_HAL_DRIVER -DSTM32F429xx -c -I../Inc -I"/home/operador/STM32CubeIDE/PDM_LSE/practice5/Drivers/STM32F4xx_HAL_Driver/Inc" -I"/home/operador/STM32CubeIDE/PDM_LSE/practice5/Drivers/CMSIS/Include" -I"/home/operador/STM32CubeIDE/PDM_LSE/practice5/Drivers/CMSIS/Device/ST/STM32F4xx/Include" -I"/home/operador/STM32CubeIDE/PDM_LSE/practice5/Drivers/BSP/STM32F4xx_Nucleo_144" -I"/home/operador/STM32CubeIDE/PDM_LSE/practice5/Drivers/Core/Inc" -I"/home/operador/STM32CubeIDE/PDM_LSE/practice5/Drivers/API/Inc" -O0 -ffunction-sections -fdata-sections -Wall -fstack-usage -fcyclomatic-complexity -MMD -MP -MF"Src/main.d" -MT"Src/main.o" --specs=nano.specs -mfpu=fpv4-sp-d16 -mfloat-abi=hard -mthumb -o "Src/main.o"
arm-none-eabi-gcc "../Drivers/API/Src/API_debounce.c" -mcpu=cortex-m4 -std=gnu11 -g3 -DDEBUG -DSTM32 -DSTM32F429ZITx -DSTM32F4 -DNUCLEO_F429ZI -DUSE_HAL_DRIVER -DSTM32F429xx -c -I../Inc -I"/home/operador/STM32CubeIDE/PDM_LSE/practice5/Drivers/STM32F4xx_HAL_Driver/Inc" -I"/home/operador/STM32CubeIDE/PDM_LSE/practice5/Drivers/CMSIS/Include" -I"/home/operador/STM32CubeIDE/PDM_LSE/practice5/Drivers/CMSIS/Device/ST/STM32F4xx/Include" -I"/home/operador/STM32CubeIDE/PDM_LSE/practice5/Drivers/BSP/STM32F4xx_Nucleo_144" -I"/home/operador/STM32CubeIDE/PDM_LSE/practice5/Drivers/Core/Inc" -I"/home/operador/STM32CubeIDE/PDM_LSE/practice5/Drivers/API/Inc" -O0 -ffunction-sections -fdata-sections -Wall -fstack-usage -fcyclomatic-complexity -MMD -MP -MF"Drivers/API/Src/API_debounce.d" -MT"Drivers/API/Src/API_debounce.o" --specs=nano.specs -mfpu=fpv4-sp-d16 -mfloat-abi=hard -mthumb -o "Drivers/API/Src/API_debounce.o"
arm-none-eabi-gcc "../Drivers/API/Src/API_uart.c" -mcpu=cortex-m4 -std=gnu11 -g3 -DDEBUG -DSTM32 -DSTM32F429ZITx -DSTM32F4 -DNUCLEO_F429ZI -DUSE_HAL_DRIVER -DSTM32F429xx -c -I../Inc -I"/home/operador/STM32CubeIDE/PDM_LSE/practice5/Drivers/STM32F4xx_HAL_Driver/Inc" -I"/home/operador/STM32CubeIDE/PDM_LSE/practice5/Drivers/CMSIS/Include" -I"/home/operador/STM32CubeIDE/PDM_LSE/practice5/Drivers/CMSIS/Device/ST/STM32F4xx/Include" -I"/home/operador/STM32CubeIDE/PDM_LSE/practice5/Drivers/BSP/STM32F4xx_Nucleo_144" -I"/home/operador/STM32CubeIDE/PDM_LSE/practice5/Drivers/Core/Inc" -I"/home/operador/STM32CubeIDE/PDM_LSE/practice5/Drivers/API/Inc" -O0 -ffunction-sections -fdata-sections -Wall -fstack-usage -fcyclomatic-complexity -MMD -MP -MF"Drivers/API/Src/API_uart.d" -MT"Drivers/API/Src/API_uart.o" --specs=nano.specs -mfpu=fpv4-sp-d16 -mfloat-abi=hard -mthumb -o "Drivers/API/Src/API_uart.o"
../Drivers/API/Src/API_debounce.c: In function 'API_debounceFsmUpdate':
../Drivers/API/Src/API_debounce.c:154:61: warning: passing argument 1 of 'API_uartSendString' discards 'const' qualifier from pointer target type [-Wdiscarded-qualifiers]
  154 |                                         API_uartSendString (FALLING_MSG);
      |                                                             ^~~~~~~~~~~
In file included from /home/operador/STM32CubeIDE/PDM_LSE/practice5/Drivers/API/Inc/API_debounce.h:27,
                 from ../Drivers/API/Src/API_debounce.c:22:
/home/operador/STM32CubeIDE/PDM_LSE/practice5/Drivers/API/Inc/API_uart.h:34:35: note: expected 'uint8_t *' {aka 'unsigned char *'} but argument is of type 'const uint8_t *' {aka 'const unsigned char *'}
   34 | void API_uartSendString (uint8_t* pstring);
      |                          ~~~~~~~~~^~~~~~~
../Drivers/API/Src/API_debounce.c:179:61: warning: passing argument 1 of 'API_uartSendString' discards 'const' qualifier from pointer target type [-Wdiscarded-qualifiers]
  179 |                                         API_uartSendString (RISING_MSG);
      |                                                             ^~~~~~~~~~
In file included from /home/operador/STM32CubeIDE/PDM_LSE/practice5/Drivers/API/Inc/API_debounce.h:27,
                 from ../Drivers/API/Src/API_debounce.c:22:
/home/operador/STM32CubeIDE/PDM_LSE/practice5/Drivers/API/Inc/API_uart.h:34:35: note: expected 'uint8_t *' {aka 'unsigned char *'} but argument is of type 'const uint8_t *' {aka 'const unsigned char *'}
   34 | void API_uartSendString (uint8_t* pstring);
      |                          ~~~~~~~~~^~~~~~~
arm-none-eabi-gcc -o "practice5.elf" @"objects.list"   -mcpu=cortex-m4 -T"/home/operador/STM32CubeIDE/PDM_LSE/practice5/STM32F429ZITX_FLASH.ld" --specs=nosys.specs -Wl,-Map="practice5.map" -Wl,--gc-sections -static --specs=nano.specs -mfpu=fpv4-sp-d16 -mfloat-abi=hard -mthumb -Wl,--start-group -lc -lm -Wl,--end-group
Finished building target: practice5.elf
 
arm-none-eabi-size  practice5.elf 
arm-none-eabi-objdump -h -S practice5.elf  > "practice5.list"
   text	   data	    bss	    dec	    hex	filename
  11352	     36	   1652	  13040	   32f0	practice5.elf
Finished building: default.size.stdout
 
Finished building: practice5.list
 
17:05:19 **** Incremental Build of configuration Debug for project practice5 ****
make -j8 all 
arm-none-eabi-gcc "../Drivers/API/Src/API_debounce.c" -mcpu=cortex-m4 -std=gnu11 -g3 -DDEBUG -DSTM32 -DSTM32F429ZITx -DSTM32F4 -DNUCLEO_F429ZI -DUSE_HAL_DRIVER -DSTM32F429xx -c -I../Inc -I"/home/operador/STM32CubeIDE/PDM_LSE/practice5/Drivers/STM32F4xx_HAL_Driver/Inc" -I"/home/operador/STM32CubeIDE/PDM_LSE/practice5/Drivers/CMSIS/Include" -I"/home/operador/STM32CubeIDE/PDM_LSE/practice5/Drivers/CMSIS/Device/ST/STM32F4xx/Include" -I"/home/operador/STM32CubeIDE/PDM_LSE/practice5/Drivers/BSP/STM32F4xx_Nucleo_144" -I"/home/operador/STM32CubeIDE/PDM_LSE/practice5/Drivers/Core/Inc" -I"/home/operador/STM32CubeIDE/PDM_LSE/practice5/Drivers/API/Inc" -O0 -ffunction-sections -fdata-sections -Wall -fstack-usage -fcyclomatic-complexity -MMD -MP -MF"Drivers/API/Src/API_debounce.d" -MT"Drivers/API/Src/API_debounce.o" --specs=nano.specs -mfpu=fpv4-sp-d16 -mfloat-abi=hard -mthumb -o "Drivers/API/Src/API_debounce.o"
arm-none-eabi-gcc -o "practice5.elf" @"objects.list"   -mcpu=cortex-m4 -T"/home/operador/STM32CubeIDE/PDM_LSE/practice5/STM32F429ZITX_FLASH.ld" --specs=nosys.specs -Wl,-Map="practice5.map" -Wl,--gc-sections -static --specs=nano.specs -mfpu=fpv4-sp-d16 -mfloat-abi=hard -mthumb -Wl,--start-group -lc -lm -Wl,--end-group
Finished building target: practice5.elf
 
arm-none-eabi-size  practice5.elf 
arm-none-eabi-objdump -h -S practice5.elf  > "practice5.list"
   text	   data	    bss	    dec	    hex	filename
  11352	     36	   1652	  13040	   32f0	practice5.elf
Finished building: default.size.stdout
 
Finished building: practice5.list
 
17:07:02 **** Incremental Build of configuration Debug for project practice5 ****
make -j8 all 
arm-none-eabi-size  practice5.elf 
   text	   data	    bss	    dec	    hex	filename
  11352	     36	   1652	  13040	   32f0	practice5.elf
Finished building: default.size.stdout
 
17:08:41 **** Incremental Build of configuration Debug for project practice5 ****
make -j8 all 
arm-none-eabi-size  practice5.elf 
   text	   data	    bss	    dec	    hex	filename
  11352	     36	   1652	  13040	   32f0	practice5.elf
Finished building: default.size.stdout
 
17:09:01 **** Incremental Build of configuration Debug for project practice5 ****
make -j8 all 
arm-none-eabi-size  practice5.elf 
   text	   data	    bss	    dec	    hex	filename
  11352	     36	   1652	  13040	   32f0	practice5.elf
Finished building: default.size.stdout
 
17:12:41 **** Incremental Build of configuration Debug for project practice5 ****
make -j8 all 
arm-none-eabi-gcc "../Drivers/API/Src/API_debounce.c" -mcpu=cortex-m4 -std=gnu11 -g3 -DDEBUG -DSTM32 -DSTM32F429ZITx -DSTM32F4 -DNUCLEO_F429ZI -DUSE_HAL_DRIVER -DSTM32F429xx -c -I../Inc -I"/home/operador/STM32CubeIDE/PDM_LSE/practice5/Drivers/STM32F4xx_HAL_Driver/Inc" -I"/home/operador/STM32CubeIDE/PDM_LSE/practice5/Drivers/CMSIS/Include" -I"/home/operador/STM32CubeIDE/PDM_LSE/practice5/Drivers/CMSIS/Device/ST/STM32F4xx/Include" -I"/home/operador/STM32CubeIDE/PDM_LSE/practice5/Drivers/BSP/STM32F4xx_Nucleo_144" -I"/home/operador/STM32CubeIDE/PDM_LSE/practice5/Drivers/Core/Inc" -I"/home/operador/STM32CubeIDE/PDM_LSE/practice5/Drivers/API/Inc" -O0 -ffunction-sections -fdata-sections -Wall -fstack-usage -fcyclomatic-complexity -MMD -MP -MF"Drivers/API/Src/API_debounce.d" -MT"Drivers/API/Src/API_debounce.o" --specs=nano.specs -mfpu=fpv4-sp-d16 -mfloat-abi=hard -mthumb -o "Drivers/API/Src/API_debounce.o"
arm-none-eabi-gcc "../Drivers/API/Src/API_uart.c" -mcpu=cortex-m4 -std=gnu11 -g3 -DDEBUG -DSTM32 -DSTM32F429ZITx -DSTM32F4 -DNUCLEO_F429ZI -DUSE_HAL_DRIVER -DSTM32F429xx -c -I../Inc -I"/home/operador/STM32CubeIDE/PDM_LSE/practice5/Drivers/STM32F4xx_HAL_Driver/Inc" -I"/home/operador/STM32CubeIDE/PDM_LSE/practice5/Drivers/CMSIS/Include" -I"/home/operador/STM32CubeIDE/PDM_LSE/practice5/Drivers/CMSIS/Device/ST/STM32F4xx/Include" -I"/home/operador/STM32CubeIDE/PDM_LSE/practice5/Drivers/BSP/STM32F4xx_Nucleo_144" -I"/home/operador/STM32CubeIDE/PDM_LSE/practice5/Drivers/Core/Inc" -I"/home/operador/STM32CubeIDE/PDM_LSE/practice5/Drivers/API/Inc" -O0 -ffunction-sections -fdata-sections -Wall -fstack-usage -fcyclomatic-complexity -MMD -MP -MF"Drivers/API/Src/API_uart.d" -MT"Drivers/API/Src/API_uart.o" --specs=nano.specs -mfpu=fpv4-sp-d16 -mfloat-abi=hard -mthumb -o "Drivers/API/Src/API_uart.o"
arm-none-eabi-gcc -o "practice5.elf" @"objects.list"   -mcpu=cortex-m4 -T"/home/operador/STM32CubeIDE/PDM_LSE/practice5/STM32F429ZITX_FLASH.ld" --specs=nosys.specs -Wl,-Map="practice5.map" -Wl,--gc-sections -static --specs=nano.specs -mfpu=fpv4-sp-d16 -mfloat-abi=hard -mthumb -Wl,--start-group -lc -lm -Wl,--end-group
Finished building target: practice5.elf
 
arm-none-eabi-size  practice5.elf 
arm-none-eabi-objdump -h -S practice5.elf  > "practice5.list"
   text	   data	    bss	    dec	    hex	filename
  11352	     36	   1652	  13040	   32f0	practice5.elf
Finished building: default.size.stdout
 
Finished building: practice5.list
 
17:14:45 **** Incremental Build of configuration Debug for project practice5 ****
make -j8 all 
arm-none-eabi-size  practice5.elf 
   text	   data	    bss	    dec	    hex	filename
  11352	     36	   1652	  13040	   32f0	practice5.elf
Finished building: default.size.stdout
 
17:14:57 **** Incremental Build of configuration Debug for project practice5 ****
make -j8 all 
arm-none-eabi-size  practice5.elf 
   text	   data	    bss	    dec	    hex	filename
  11352	     36	   1652	  13040	   32f0	practice5.elf
Finished building: default.size.stdout
 
17:16:17 **** Incremental Build of configuration Debug for project practice5 ****
make -j8 all 
arm-none-eabi-size  practice5.elf 
   text	   data	    bss	    dec	    hex	filename
  11352	     36	   1652	  13040	   32f0	practice5.elf
Finished building: default.size.stdout
 
17:17:00 **** Incremental Build of configuration Debug for project practice5 ****
make -j8 all 
arm-none-eabi-gcc "../Drivers/API/Src/API_uart.c" -mcpu=cortex-m4 -std=gnu11 -g3 -DDEBUG -DSTM32 -DSTM32F429ZITx -DSTM32F4 -DNUCLEO_F429ZI -DUSE_HAL_DRIVER -DSTM32F429xx -c -I../Inc -I"/home/operador/STM32CubeIDE/PDM_LSE/practice5/Drivers/STM32F4xx_HAL_Driver/Inc" -I"/home/operador/STM32CubeIDE/PDM_LSE/practice5/Drivers/CMSIS/Include" -I"/home/operador/STM32CubeIDE/PDM_LSE/practice5/Drivers/CMSIS/Device/ST/STM32F4xx/Include" -I"/home/operador/STM32CubeIDE/PDM_LSE/practice5/Drivers/BSP/STM32F4xx_Nucleo_144" -I"/home/operador/STM32CubeIDE/PDM_LSE/practice5/Drivers/Core/Inc" -I"/home/operador/STM32CubeIDE/PDM_LSE/practice5/Drivers/API/Inc" -O0 -ffunction-sections -fdata-sections -Wall -fstack-usage -fcyclomatic-complexity -MMD -MP -MF"Drivers/API/Src/API_uart.d" -MT"Drivers/API/Src/API_uart.o" --specs=nano.specs -mfpu=fpv4-sp-d16 -mfloat-abi=hard -mthumb -o "Drivers/API/Src/API_uart.o"
arm-none-eabi-gcc -o "practice5.elf" @"objects.list"   -mcpu=cortex-m4 -T"/home/operador/STM32CubeIDE/PDM_LSE/practice5/STM32F429ZITX_FLASH.ld" --specs=nosys.specs -Wl,-Map="practice5.map" -Wl,--gc-sections -static --specs=nano.specs -mfpu=fpv4-sp-d16 -mfloat-abi=hard -mthumb -Wl,--start-group -lc -lm -Wl,--end-group
Finished building target: practice5.elf
 
arm-none-eabi-size  practice5.elf 
arm-none-eabi-objdump -h -S practice5.elf  > "practice5.list"
   text	   data	    bss	    dec	    hex	filename
  11428	     36	   1652	  13116	   333c	practice5.elf
Finished building: default.size.stdout
 
Finished building: practice5.list
 
